  main.cpp
  TestLayer.cpp
  Application.cpp
  Layer.cpp
  Layerstack.cpp
C:\Users\const\OneDrive\Desktop\Ember\Ember\Src\Core\Layerstack.cpp(36,27): warning C4267: 'return': conversion from 'size_t' to 'int', possible loss of data
C:\Users\const\OneDrive\Desktop\Ember\Ember\Src\Core\Layerstack.cpp(41,5): warning C4267: 'initializing': conversion from 'size_t' to 'int', possible loss of data
  Window.cpp
  Camera.cpp
  IndexBuffer.cpp
  Shader.cpp
  VertexArray.cpp
  VertexBuffer.cpp
  imgui.cpp
  imgui_demo.cpp
  imgui_draw.cpp
  imgui_impl_glfw.cpp
  imgui_impl_opengl3.cpp
  imgui_tables.cpp
  imgui_widgets.cpp
  glm.cpp
  Generating Code...
glew32s.lib(glew.obj) : warning LNK4099: PDB 'vc120.pdb' was not found with 'glew32s.lib(glew.obj)' or at 'C:\Users\const\OneDrive\Desktop\Ember\x64\Debug\vc120.pdb'; linking object as if no debug info
LINK : warning LNK4098: defaultlib 'MSVCRT' conflicts with use of other libs; use /NODEFAULTLIB:library
LINK : warning LNK4098: defaultlib 'LIBCMT' conflicts with use of other libs; use /NODEFAULTLIB:library
  Ember.vcxproj -> C:\Users\const\OneDrive\Desktop\Ember\x64\Debug\Ember.exe
